Build target 'OLED_u8g2'
assembling startup_stm32f103xe.s...
compiling main.c...
..\UI\ui.h(12): warning:  #1-D: last line of file ends without a newline
  #endif
../Core/Src/main.c(77): warning:  #223-D: function "Delay_us" declared implicitly
      Delay_us(10);
../Core/Src/main.c(85): warning:  #187-D: use of "=" where "==" may have been intended
      if (arg_int = 0)
../Core/Src/main.c(87): warning:  #187-D: use of "=" where "==" may have been intended
      else if (arg_int = 1)
../Core/Src/main.c: 4 warnings, 0 errors
compiling gpio.c...
Fatal error: C3904U: Could not open via file 'oled_template\gpio.__i'.
compiling dma.c...
Fatal error: C3904U: Could not open via file 'oled_template\dma.__i'.
compiling i2c.c...
Fatal error: C3904U: Could not open via file 'oled_template\i2c.__i'.
compiling stm32f1xx_it.c...
Fatal error: C3904U: Could not open via file 'oled_template\stm32f1xx_it.__i'.
compiling stm32f1xx_hal_msp.c...
Fatal error: C3904U: Could not open via file 'oled_template\stm32f1xx_hal_msp.__i'.
compiling stm32f1xx_hal_gpio_ex.c...
Fatal error: C3904U: Could not open via file 'oled_template\stm32f1xx_hal_gpio_ex.__i'.
compiling stm32f1xx_hal_i2c.c...
Fatal error: C3904U: Could not open via file 'oled_template\stm32f1xx_hal_i2c.__i'.
compiling stm32f1xx_hal.c...
Fatal error: C3904U: Could not open via file 'oled_template\stm32f1xx_hal.__i'.
compiling stm32f1xx_hal_rcc.c...
Fatal error: C3904U: Could not open via file 'oled_template\stm32f1xx_hal_rcc.__i'.
compiling stm32f1xx_hal_rcc_ex.c...
Fatal error: C3904U: Could not open via file 'oled_template\stm32f1xx_hal_rcc_ex.__i'.
compiling stm32f1xx_hal_gpio.c...
Fatal error: C3904U: Could not open via file 'oled_template\stm32f1xx_hal_gpio.__i'.
compiling stm32f1xx_hal_dma.c...
Fatal error: C3904U: Could not open via file 'oled_template\stm32f1xx_hal_dma.__i'.
compiling stm32f1xx_hal_cortex.c...
Fatal error: C3904U: Could not open via file 'oled_template\stm32f1xx_hal_cortex.__i'.
compiling stm32f1xx_hal_pwr.c...
Fatal error: C3904U: Could not open via file 'oled_template\stm32f1xx_hal_pwr.__i'.
compiling stm32f1xx_hal_flash.c...
Fatal error: C3904U: Could not open via file 'oled_template\stm32f1xx_hal_flash.__i'.
compiling stm32f1xx_hal_flash_ex.c...
Fatal error: C3904U: Could not open via file 'oled_template\stm32f1xx_hal_flash_ex.__i'.
compiling stm32f1xx_hal_exti.c...
Fatal error: C3904U: Could not open via file 'oled_template\stm32f1xx_hal_exti.__i'.
compiling stm32f1xx_hal_tim.c...
Fatal error: C3904U: Could not open via file 'oled_template\stm32f1xx_hal_tim.__i'.
compiling stm32f1xx_hal_tim_ex.c...
Fatal error: C3904U: Could not open via file 'oled_template\stm32f1xx_hal_tim_ex.__i'.
compiling system_stm32f1xx.c...
Fatal error: C3904U: Could not open via file 'oled_template\system_stm32f1xx.__i'.
compiling oled.c...
Fatal error: C3904U: Could not open via file 'oled_template\oled.__i'.
compiling systick.c...
Fatal error: C3904U: Could not open via file 'oled_template\systick.__i'.
compiling mui.c...
Fatal error: C3904U: Could not open via file 'oled_template\mui.__i'.
compiling mui_u8g2.c...
Fatal error: C3904U: Could not open via file 'oled_template\mui_u8g2.__i'.
compiling u8g2_bitmap.c...
Fatal error: C3904U: Could not open via file 'oled_template\u8g2_bitmap.__i'.
compiling u8g2_box.c...
Fatal error: C3904U: Could not open via file 'oled_template\u8g2_box.__i'.
compiling u8g2_buffer.c...
Fatal error: C3904U: Could not open via file 'oled_template\u8g2_buffer.__i'.
compiling u8g2_button.c...
Fatal error: C3904U: Could not open via file 'oled_template\u8g2_button.__i'.
compiling u8g2_circle.c...
Fatal error: C3904U: Could not open via file 'oled_template\u8g2_circle.__i'.
compiling u8g2_cleardisplay.c...
Fatal error: C3904U: Could not open via file 'oled_template\u8g2_cleardisplay.__i'.
compiling u8g2_d_memory.c...
Fatal error: C3904U: Could not open via file 'oled_template\u8g2_d_memory.__i'.
compiling u8g2_d_setup.c...
Fatal error: C3904U: Could not open via file 'oled_template\u8g2_d_setup.__i'.
compiling u8g2_font.c...
Fatal error: C3904U: Could not open via file 'oled_template\u8g2_font.__i'.
compiling u8g2_fonts.c...
Fatal error: C3904U: Could not open via file 'oled_template\u8g2_fonts.__i'.
compiling u8g2_hvline.c...
Fatal error: C3904U: Could not open via file 'oled_template\u8g2_hvline.__i'.
compiling u8g2_input_value.c...
Fatal error: C3904U: Could not open via file 'oled_template\u8g2_input_value.__i'.
compiling u8g2_intersection.c...
Fatal error: C3904U: Could not open via file 'oled_template\u8g2_intersection.__i'.
compiling u8g2_kerning.c...
Fatal error: C3904U: Could not open via file 'oled_template\u8g2_kerning.__i'.
compiling u8g2_line.c...
Fatal error: C3904U: Could not open via file 'oled_template\u8g2_line.__i'.
compiling u8g2_ll_hvline.c...
Fatal error: C3904U: Could not open via file 'oled_template\u8g2_ll_hvline.__i'.
compiling u8g2_message.c...
Fatal error: C3904U: Could not open via file 'oled_template\u8g2_message.__i'.
compiling u8g2_polygon.c...
Fatal error: C3904U: Could not open via file 'oled_template\u8g2_polygon.__i'.
compiling u8g2_selection_list.c...
Fatal error: C3904U: Could not open via file 'oled_template\u8g2_selection_list.__i'.
compiling u8g2_setup.c...
Fatal error: C3904U: Could not open via file 'oled_template\u8g2_setup.__i'.
compiling u8log.c...
Fatal error: C3904U: Could not open via file 'oled_template\u8log.__i'.
compiling u8log_u8g2.c...
Fatal error: C3904U: Could not open via file 'oled_template\u8log_u8g2.__i'.
compiling u8log_u8x8.c...
Fatal error: C3904U: Could not open via file 'oled_template\u8log_u8x8.__i'.
compiling u8x8_8x8.c...
Fatal error: C3904U: Could not open via file 'oled_template\u8x8_8x8.__i'.
compiling u8x8_byte.c...
Fatal error: C3904U: Could not open via file 'oled_template\u8x8_byte.__i'.
compiling u8x8_cad.c...
Fatal error: C3904U: Could not open via file 'oled_template\u8x8_cad.__i'.
compiling u8x8_capture.c...
Fatal error: C3904U: Could not open via file 'oled_template\u8x8_capture.__i'.
compiling u8x8_d_ssd1306_128x64_noname.c...
Fatal error: C3904U: Could not open via file 'oled_template\u8x8_d_ssd1306_128x64_noname.__i'.
compiling u8x8_debounce.c...
Fatal error: C3904U: Could not open via file 'oled_template\u8x8_debounce.__i'.
compiling u8x8_display.c...
Fatal error: C3904U: Could not open via file 'oled_template\u8x8_display.__i'.
compiling u8x8_fonts.c...
Fatal error: C3904U: Could not open via file 'oled_template\u8x8_fonts.__i'.
compiling u8x8_gpio.c...
Fatal error: C3904U: Could not open via file 'oled_template\u8x8_gpio.__i'.
compiling u8x8_input_value.c...
Fatal error: C3904U: Could not open via file 'oled_template\u8x8_input_value.__i'.
compiling u8x8_message.c...
Fatal error: C3904U: Could not open via file 'oled_template\u8x8_message.__i'.
compiling u8x8_selection_list.c...
Fatal error: C3904U: Could not open via file 'oled_template\u8x8_selection_list.__i'.
compiling u8x8_setup.c...
Fatal error: C3904U: Could not open via file 'oled_template\u8x8_setup.__i'.
compiling u8x8_string.c...
Fatal error: C3904U: Could not open via file 'oled_template\u8x8_string.__i'.
compiling u8x8_u8toa.c...
compiling u8x8_u16toa.c...
..\U8G2_Src\u8x8_u16toa.c(77): warning:  #1-D: last line of file ends without a newline
  }
..\U8G2_Src\u8x8_u16toa.c: 1 warning, 0 errors
compiling ui.c...
..\UI\ui.h(12): warning:  #1-D: last line of file ends without a newline
  #endif
..\UI\ui.c: 1 warning, 0 errors
linking...
OLED_Template\OLED_Template.axf: error: L6002U: Could not open file oled_template\gpio.o: No such file or directory
Finished: 0 information, 0 warning, 0 error and 1 fatal error messages.
"OLED_Template\OLED_Template.axf" - 1 Error(s), 6 Warning(s).
Target not created.
